Flutter crash report.
Please report a bug at https://github.com/flutter/flutter/issues.

## command

flutter build linux --release

## exception

ProcessPackageException: ProcessException: Failed to find "cmake" in the search path.
  Command: cmake 

```
#0      LocalProcessManager.start (package:process/src/interface/local_process_manager.dart:58:7)
#1      ErrorHandlingProcessManager.start.<anonymous closure> (package:flutter_tools/src/base/error_handling_io.dart:691:24)
#2      _run (package:flutter_tools/src/base/error_handling_io.dart:567:20)
#3      ErrorHandlingProcessManager.start (package:flutter_tools/src/base/error_handling_io.dart:690:12)
#4      _DefaultProcessUtils.start (package:flutter_tools/src/base/process.dart:425:28)
#5      _DefaultProcessUtils.stream (package:flutter_tools/src/base/process.dart:444:35)
#6      _runCmake (package:flutter_tools/src/linux/build_linux.dart:127:41)
<asynchronous suspension>
#7      buildLinux (package:flutter_tools/src/linux/build_linux.dart:75:5)
<asynchronous suspension>
#8      BuildLinuxCommand.runCommand (package:flutter_tools/src/commands/build_linux.dart:88:5)
<asynchronous suspension>
#9      FlutterCommand.run.<anonymous closure> (package:flutter_tools/src/runner/flutter_command.dart:1125:27)
<asynchronous suspension>
#10     AppContext.run.<anonymous closure> (package:flutter_tools/src/base/context.dart:150:19)
<asynchronous suspension>
#11     CommandRunner.runCommand (package:args/command_runner.dart:209:13)
<asynchronous suspension>
#12     FlutterCommandRunner.runCommand.<anonymous closure> (package:flutter_tools/src/runner/flutter_command_runner.dart:288:9)
<asynchronous suspension>
#13     AppContext.run.<anonymous closure> (package:flutter_tools/src/base/context.dart:150:19)
<asynchronous suspension>
#14     FlutterCommandRunner.runCommand (package:flutter_tools/src/runner/flutter_command_runner.dart:236:5)
<asynchronous suspension>
#15     run.<anonymous closure>.<anonymous closure> (package:flutter_tools/runner.dart:62:9)
<asynchronous suspension>
#16     AppContext.run.<anonymous closure> (package:flutter_tools/src/base/context.dart:150:19)
<asynchronous suspension>
#17     main (package:flutter_tools/executable.dart:92:3)
<asynchronous suspension>
```

## flutter doctor

```
[✓] Flutter (Channel master, 2.5.0-7.0.pre.80, on Debian GNU/Linux 10 (buster)
    5.4.131-16022-ga84eea4807cf, locale en_US.UTF-8)
    • Flutter version 2.5.0-7.0.pre.80 at /home/bedsteler20/sdk/flutter
    • Upstream repository https://github.com/flutter/flutter.git
    • Framework revision 1422bfa723 (6 days ago), 2021-08-14 04:02:06 -0400
    • Engine revision a447901bc5
    • Dart version 2.15.0 (build 2.15.0-15.0.dev)

[✓] Android toolchain - develop for Android devices (Android SDK version 31.0.0)
    • Android SDK at /home/bedsteler20/Android/Sdk
    • Platform android-31, build-tools 31.0.0
    • Java binary at: /opt/android-studio/jre/bin/java
    • Java version OpenJDK Runtime Environment (build 11.0.10+0-b96-7249189)
    • All Android licenses accepted.

[✗] Chrome - develop for the web (Cannot find Chrome executable at google-chrome)
    ! Cannot find Chrome. Try setting CHROME_EXECUTABLE to a Chrome executable.

[☠] Linux toolchain - develop for Linux desktop (the doctor check crashed)
    ✗ Due to an error, the doctor check did not complete. If the error message below is
      not helpful, please let us know about this issue at
      https://github.com/flutter/flutter/issues.
    ✗ ProcessException: Failed to find "cmake" in the search path.
        Command: cmake 
    • #0      LocalProcessManager.run
      (package:process/src/interface/local_process_manager.dart:89:7)
      #1      ErrorHandlingProcessManager.run.<anonymous closure>
      (package:flutter_tools/src/base/error_handling_io.dart:669:24)
      #2      _run (package:flutter_tools/src/base/error_handling_io.dart:567:20)
      #3      ErrorHandlingProcessManager.run
      (package:flutter_tools/src/base/error_handling_io.dart:668:12)
      #4      LinuxDoctorValidator._getBinaryVersion
      (package:flutter_tools/src/linux/linux_doctor.dart:166:38)
      #5      LinuxDoctorValidator.validate
      (package:flutter_tools/src/linux/linux_doctor.dart:68:25)
      <asynchronous suspension>
      #6      asyncGuard.<anonymous closure>
      (package:flutter_tools/src/base/async_guard.dart:111:24)
      <asynchronous suspension>


[✓] Android Studio (version 2020.3)
    • Android Studio at /opt/android-studio
    • Flutter plugin can be installed from:
      🔨 https://plugins.jetbrains.com/plugin/9212-flutter
    • Dart plugin can be installed from:
      🔨 https://plugins.jetbrains.com/plugin/6351-dart
    • Java version OpenJDK Runtime Environment (build 11.0.10+0-b96-7249189)

[✓] VS Code (version 1.59.0)
    • VS Code at /usr/share/code
    • Flutter extension version 3.25.0

[✓] Connected device (3 available)
    • Pixel 4a (mobile) • 09111JEC220379 • android-arm64 • Android 12 (API 31)
    • hatch (mobile)    • emulator-5554  • android-x64   • Android 11 (API 30)
    • Linux (desktop)   • linux          • linux-x64     • Debian GNU/Linux 10 (buster)
      5.4.131-16022-ga84eea4807cf

! Doctor found issues in 2 categories.
```
